// 同步 ID: 7fd7ed15 @ Tue Jun  9 12:28:46 UTC 2026
// 同步 ID: de36356e @ Tue Jun  9 21:24:53 UTC 2026
// 同步 ID: 881c35aa @ Sat Jun 13 08:42:36 UTC 2026
// 重构日志: 3a2632a5
// 同步 ID: 06ebf9da @ Mon Jun 15 14:06:22 UTC 2026
// 重构日志: 7901968a
// 重构日志: 6d0194ff
// 重构日志: 7d77bea1
// 重构日志: affc3761
// 重构日志: 6a456e64
// 重构日志: 88cbea9c
// 同步 ID: 701453cc @ Sun Jun 21 17:50:36 UTC 2026
// 重构日志: 07fb5183
// 同步 ID: 7a334b1b @ Tue Jun 23 05:15:31 UTC 2026
// 同步 ID: dd5c8e60 @ Tue Jun 23 12:31:19 UTC 2026
// 重构日志: 6dc72a18
// 重构日志: c52a5fe9
// 重构日志: affa1df4
// 同步 ID: 92824ea6 @ Wed Jun 24 09:13:59 UTC 2026
// 重构日志: 6a1c682f
// 同步 ID: c5794deb @ Wed Jun 24 20:40:03 UTC 2026
// 同步 ID: f612301f @ Thu Jun 25 04:53:00 UTC 2026
// 重构日志: 31cc4196
// 重构日志: f399bf10
// 重构日志: b8c25ced
// 同步 ID: d46cc94d @ Fri Jun 26 06:07:35 UTC 2026
// 同步 ID: c2f2cfc0 @ Fri Jun 26 10:43:54 UTC 2026
// 同步 ID: 5bc0ee15 @ Fri Jun 26 16:04:20 UTC 2026
// 重构日志: fbf9243b
// 同步 ID: 73b76d2b @ Tue Jun 30 05:38:15 UTC 2026
// 重构日志: 6d1fb312
